"report-surf-arweavg-wallflux-shtc-disc-solid-rfile"
"Time Step" "report-surf-arweavg-wallflux-shtc-disc-solid etc.."
("Time Step" "report-surf-arweavg-wallflux-shtc-disc-solid" "flow-time")
0 0 0
1 46010.20707074683 0.01
2 36981.15579236793 0.02
3 30845.30362561917 0.03
4 26473.01126631684 0.04
5 23236.44433590248 0.05
6 20766.43632278163 0.06
7 18833.63356115211 0.07000000000000001
8 17288.87093209773 0.08
9 16031.33329760906 0.09
10 14991.37536698513 0.1
11 14118.72227503721 0.11
12 13377.69924617542 0.12
13 12740.70899035014 0.13
14 12186.96906439925 0.14
15 11700.81030858217 0.15
16 11270.17107816887 0.16
17 10887.12552590761 0.17
18 10542.4604940421 0.18
19 10230.67235737737 0.19
20 9947.308129450064 0.2
21 9685.063830421375 0.21
22 9441.893566797418 0.22
23 9215.377562981324 0.23
24 9003.481864424537 0.24
25 8804.481826320658 0.25
26 8616.942654092119 0.26
27 8439.623326893574 0.27
28 8271.481757956966 0.28
29 8111.609297701621 0.29
30 7959.270812249084 0.3
31 7813.809176633676 0.31
32 7674.658641464803 0.32
33 7541.347756950627 0.33
34 7413.434568674716 0.34
35 7290.503313723875 0.35
36 7172.199521535336 0.36
37 7058.231237587383 0.37
38 6948.32467637469 0.38
39 6842.242837822758 0.39
40 6739.762733888598 0.4
41 6640.676359668257 0.41
42 6544.781010964692 0.42
43 6451.918644822789 0.43
44 6361.919307040123 0.44
45 6274.619885422801 0.45
46 6189.90047364086 0.46
47 6107.63120944942 0.47
48 6027.679120911976 0.48
49 5949.953737547563 0.49
50 5874.351888692861 0.5
51 5800.769951177614 0.51
52 5729.10568011084 0.52
53 5659.286489448426 0.53
54 5591.229950645223 0.54
55 5524.860995613495 0.55
56 5460.115031035728 0.5600000000000001
57 5397.939098548691 0.5700000000000001
58 5336.892338763067 0.58
59 5277.226082749543 0.59
60 5218.904013317881 0.6
61 5161.869401332703 0.61
62 5106.087873241556 0.62
63 5051.519501882664 0.63
64 4998.109813048561 0.64
65 4945.832412601941 0.65
66 4895.758708534042 0.66
67 4846.386995237293 0.67
68 4797.967466334467 0.68
69 4750.494112059321 0.6900000000000001
70 4703.943070716953 0.7000000000000001
71 4659.607552258719 0.71
72 4615.716481862033 0.72
73 4572.606429348317 0.73
74 4530.247651570666 0.74
75 4488.651286221648 0.75
76 4447.810979237964 0.76
77 4407.693203431421 0.77
78 4368.283038733866 0.78
79 4329.56470957039 0.79
80 4291.510272765297 0.8
81 4254.106232720578 0.8100000000000001
82 4217.348737319352 0.8200000000000001
83 4181.229106291952 0.8300000000000001
84 4145.709026407965 0.84
85 4110.781410644778 0.85
86 4076.429574439553 0.86
87 4042.63520347425 0.87
88 4009.386443366634 0.88
89 3976.682948449943 0.89
90 3944.484114049808 0.9
91 3912.795391290954 0.91
92 3881.616021120969 0.92
93 3850.917121531168 0.93
94 3820.689008795633 0.9400000000000001
95 3790.922197916878 0.9500000000000001
96 3761.597662667397 0.96
97 3732.707024636777 0.97
98 3704.253578036336 0.98
99 3676.23374078039 0.99
100 3648.615033478591 1
101 3621.397529299961 1.01
102 3594.570484274528 1.02
103 3568.121671164547 1.03
104 3542.04403502465 1.04
105 3516.346806883295 1.05
106 3490.993695149999 1.06
107 3465.990463517673 1.07
108 3441.341265506813 1.08
109 3417.024931057291 1.09
110 3393.035206661224 1.1
111 3369.366372080011 1.11
112 3346.007464825248 1.12
113 3322.954385492596 1.13
114 3300.21077245908 1.14
115 3277.775238606602 1.15
116 3255.623023878231 1.16
117 3233.756084251595 1.17
118 3212.166432573381 1.18
119 3191.680360850036 1.19
120 3171.204461354087 1.2
121 3150.966959653938 1.21
122 3130.949283261139 1.22
123 3111.159584627156 1.23
124 3091.606077154375 1.24
125 3072.277173513924 1.25
126 3053.170590620984 1.26
127 3034.284008925077 1.27
128 3015.611789533475 1.28
129 2997.15176047559 1.29
130 2978.908928366624 1.3
131 2960.884047745925 1.31
132 2943.058496486788 1.32
133 2925.434177734628 1.33
134 2908.006042588583 1.34
135 2890.768119125187 1.35
136 2873.717886937281 1.36
137 2856.866888892322 1.37
138 2840.195601147926 1.38
139 2823.704352313781 1.39
140 2807.397609867152 1.4
141 2791.26496034183 1.41
