"report-coef-drag-tyre-rim-rfile"
"Time Step" "report-coef-drag-tyre-rim etc.."
("Time Step" "report-coef-drag-tyre-rim" "flow-time")
0 2.641440873573942e-20 0
1 2.594766646413646 0.01
2 5.004810171022919 0.02
3 2.002270480533264 0.03
4 1.163625677142286 0.04
5 0.06540173390683923 0.05
6 1.455374602396589 0.06
7 0.91177496329309 0.07000000000000001
8 0.679567239300764 0.08
9 0.5286676235563557 0.09
10 0.4499917192613591 0.1
11 0.5310498732362235 0.11
12 0.6205929271221832 0.12
13 0.7327244053711703 0.13
14 0.8269756967218093 0.14
15 0.8512762057406394 0.15
16 0.812439310392388 0.16
17 0.7505949886595682 0.17
18 0.7022266269386417 0.18
19 0.6880528521026572 0.19
20 0.6775698397138191 0.2
21 0.7009201646054988 0.21
22 0.7453873001987242 0.22
23 0.763638971189693 0.23
24 0.7553457026972408 0.24
25 0.7255919595841596 0.25
26 0.7081463614237667 0.26
27 0.7010270080843429 0.27
28 0.6847821193506618 0.28
29 0.7039574723534052 0.29
30 0.7188750344866383 0.3
31 0.7351449979006589 0.31
32 0.7391017565477883 0.32
33 0.7431230026470975 0.33
34 0.7315866341770985 0.34
35 0.7197896076650656 0.35
36 0.7215529450102017 0.36
37 0.7056612872192332 0.37
38 0.7080204198176753 0.38
39 0.7112133493663153 0.39
40 0.7045938241379727 0.4
41 0.6968998656105277 0.41
42 0.6967482690338869 0.42
43 0.7036612372032407 0.43
44 0.7131562460385834 0.44
45 0.7116867143910106 0.45
46 0.7149218403454521 0.46
47 0.7079005430534128 0.47
48 0.6936674804189844 0.48
49 0.6807243464122215 0.49
50 0.6640416643920699 0.5
51 0.6630491090312247 0.51
52 0.6555295406858974 0.52
53 0.6868027353792381 0.53
54 0.7004439910330807 0.54
55 0.692798580942816 0.55
56 0.6913111934539848 0.5600000000000001
57 0.6684092980242869 0.5700000000000001
58 0.6611264451687173 0.58
59 0.6416569860646991 0.59
60 0.6286903713199429 0.6
61 0.6344632836124158 0.61
62 0.651632324031721 0.62
63 0.6730459331686052 0.63
64 0.6763606148139415 0.64
65 0.6751066397786132 0.65
66 0.6442734967320191 0.66
67 0.6333331016093114 0.67
68 0.6200590648651106 0.68
69 0.6093213925935164 0.6900000000000001
70 0.6056546337577129 0.7000000000000001
71 0.6223654763114373 0.71
72 0.6409743485822952 0.72
73 0.6524282468113607 0.73
74 0.6575944284506496 0.74
75 0.6423175302777004 0.75
76 0.6256876526981774 0.76
77 0.6062689242434661 0.77
78 0.5922529878751338 0.78
79 0.5891321738555876 0.79
80 0.6027333607173464 0.8
81 0.6300440003172636 0.8100000000000001
82 0.6324244457656375 0.8200000000000001
83 0.6423777648106295 0.8300000000000001
84 0.6221156941692322 0.84
85 0.6176912457815253 0.85
86 0.6049168752039517 0.86
87 0.5835710493506903 0.87
88 0.5941199475355521 0.88
89 0.6032502241458026 0.89
90 0.6220587357036813 0.9
91 0.6358830220540587 0.91
92 0.6358417581435644 0.92
93 0.6256063688285611 0.93
94 0.6117527186923709 0.9400000000000001
95 0.6037252870289448 0.9500000000000001
96 0.5929271755399875 0.96
97 0.590095411790447 0.97
98 0.5902353116865606 0.98
99 0.5993497331095081 0.99
100 0.6206578543596782 1
101 0.6278515339638392 1.01
102 0.619927844827761 1.02
103 0.6115998242985194 1.03
104 0.6012925400060966 1.04
105 0.591996966652651 1.05
106 0.5854425279453231 1.06
107 0.5929189260744807 1.07
108 0.6129741967310263 1.08
109 0.6143790721919097 1.09
110 0.6243529238219707 1.1
111 0.6159090067838136 1.11
112 0.6084923629865613 1.12
113 0.606849346846328 1.13
114 0.5891725639595915 1.14
115 0.5926505770969699 1.15
116 0.5898963296538151 1.16
117 0.6088942777930397 1.17
118 0.6174844063400013 1.18
119 0.6224366034950888 1.19
120 0.6180190488026733 1.2
121 0.6103165275021887 1.21
122 0.6101439315403886 1.22
123 0.6089641332877712 1.23
124 0.6059723660212458 1.24
125 0.6080239156280016 1.25
126 0.6161950372984364 1.26
127 0.62122092122956 1.27
128 0.6258772652245275 1.28
129 0.618780746456947 1.29
130 0.6097769880375052 1.3
131 0.6137856189290818 1.31
132 0.6061796283382169 1.32
133 0.6055793327712831 1.33
134 0.6092648625360219 1.34
135 0.6061931641590987 1.35
136 0.6290232477421208 1.36
137 0.6311648943291203 1.37
138 0.6314264491629171 1.38
139 0.6226511982094531 1.39
140 0.6149778482235874 1.4
141 0.6115051787993577 1.41
