"report-surf-arweavg-vanes-velocity-rfile"
"Time Step" "report-surf-arweavg-vanes-velocity etc.."
("Time Step" "report-surf-arweavg-vanes-velocity" "flow-time")
0 7.924585163708093 0
1 7.924725328118075 0.01
2 7.924666274797855 0.02
3 7.924697159726556 0.03
4 7.924806067570734 0.04
5 7.924628637388974 0.05
6 7.924781362596439 0.06
7 7.924711545185489 0.07000000000000001
8 7.924688340919094 0.08
9 7.924709675969833 0.09
10 7.924661404033236 0.1
11 7.924683504635798 0.11
12 7.924687486325057 0.12
13 7.924744189091375 0.13
14 7.924721920962826 0.14
15 7.924727296202791 0.15
16 7.924634462776004 0.16
17 7.924632274940182 0.17
18 7.924567878892884 0.18
19 7.924540348431961 0.19
20 7.924777206554018 0.2
21 7.924739709094937 0.21
22 7.924818239402375 0.22
23 7.924762539736437 0.23
24 7.924781339367818 0.24
25 7.924658263263174 0.25
26 7.924652087727308 0.26
27 7.924582209819833 0.27
28 7.924599776564409 0.28
29 7.924688501071395 0.29
30 7.924669142618155 0.3
31 7.924768159562241 0.31
32 7.92480232419285 0.32
33 7.924779719154739 0.33
34 7.924627748751846 0.34
35 7.924561327433093 0.35
36 7.92464765527216 0.36
37 7.924737474846648 0.37
38 7.924659809252307 0.38
39 7.924675716351438 0.39
40 7.924744033961558 0.4
41 7.924829496718619 0.41
42 7.924782036324797 0.42
43 7.924658462650406 0.43
44 7.924570158584799 0.44
45 7.924641171853206 0.45
46 7.924657095054319 0.46
47 7.924765183297252 0.47
48 7.924630369619234 0.48
49 7.924755100430687 0.49
50 7.924734116064819 0.5
51 7.924805877806437 0.51
52 7.924616208667776 0.52
53 7.924728314962578 0.53
54 7.924643533280724 0.54
55 7.924661239953228 0.55
56 7.924757855249923 0.5600000000000001
57 7.924718415209981 0.5700000000000001
58 7.924726930339125 0.58
59 7.924743725337517 0.59
60 7.924822444337601 0.6
61 7.924608986556309 0.61
62 7.92470497563054 0.62
63 7.924680700247039 0.63
64 7.924780408141085 0.64
65 7.924748060680614 0.65
66 7.92463577280906 0.66
67 7.924720741854986 0.67
68 7.924720702440169 0.68
69 7.924764357933876 0.6900000000000001
70 7.924648710161332 0.7000000000000001
71 7.924718016510564 0.71
72 7.924660782098892 0.72
73 7.924712726818914 0.73
74 7.924748599454826 0.74
75 7.924665126217313 0.75
76 7.924741987240019 0.76
77 7.924740273475651 0.77
78 7.924700547509167 0.78
79 7.924671264052842 0.79
80 7.924700090493006 0.8
81 7.924671829933659 0.8100000000000001
82 7.924659367867204 0.8200000000000001
83 7.92478413005589 0.8300000000000001
84 7.924580196004946 0.84
85 7.924752112586734 0.85
86 7.924754338037244 0.86
87 7.92473316407256 0.87
88 7.92453892759756 0.88
89 7.924645496969319 0.89
90 7.924681732070228 0.9
91 7.924807601327937 0.91
92 7.92473812832 0.92
93 7.924622841934939 0.93
94 7.924759678408877 0.9400000000000001
95 7.924736211310724 0.9500000000000001
96 7.924631298666045 0.96
97 7.924633628476881 0.97
98 7.924603388995338 0.98
99 7.924796075459137 0.99
100 7.924827982623618 1
101 7.924759372503653 1.01
102 7.924627513210824 1.02
103 7.924840832743886 1.03
104 7.924676720017597 1.04
105 7.924676284898725 1.05
106 7.924649542699911 1.06
107 7.924553505938808 1.07
108 7.924679872910457 1.08
109 7.924693938431985 1.09
110 7.924764485334995 1.1
111 7.924510884298307 1.11
112 7.924957662097872 1.12
113 7.924697939890669 1.13
114 7.924682033894466 1.14
115 7.924661595965758 1.15
116 7.924632921425124 1.16
117 7.924663145868897 1.17
118 7.924662875921168 1.18
119 7.924715918534747 1.19
120 7.924569318051255 1.2
121 7.924920180412768 1.21
122 7.924719114048115 1.22
123 7.924675325619333 1.23
124 7.924570482240847 1.24
125 7.924615653118393 1.25
126 7.924610936267054 1.26
127 7.924609868042396 1.27
128 7.924724833447526 1.28
129 7.924556890537919 1.29
130 7.924900032276183 1.3
131 7.924710944943953 1.31
132 7.924663432332353 1.32
133 7.924619300548365 1.33
134 7.92464296613305 1.34
135 7.924678736261734 1.35
136 7.924612416665154 1.36
137 7.924812846972729 1.37
138 7.924567716302813 1.38
139 7.924836716278039 1.39
140 7.924686404344716 1.4
141 7.924789544705445 1.41
