"report-surf-arweavg-sttemp-soliddisc-rfile"
"Time Step" "report-surf-arweavg-sttemp-soliddisc etc.."
("Time Step" "report-surf-arweavg-sttemp-soliddisc" "flow-time")
0 293.7496682626112 0
1 567.6834147103702 0.01
2 569.3148052927686 0.02
3 570.56235545097 0.03
4 571.5953863862094 0.04
5 572.4932739861709 0.05
6 573.2975396614335 0.06
7 574.0320087867881 0.07000000000000001
8 574.7119871665758 0.08
9 575.3473283406643 0.09
10 575.9454327677236 0.1
11 576.5117545879469 0.11
12 577.0485853577485 0.12
13 577.5601439391555 0.13
14 578.0497281642539 0.14
15 578.5195365823499 0.15
16 578.9713278831266 0.16
17 579.4043405940749 0.17
18 579.8213686155251 0.18
19 580.2230786948902 0.19
20 580.6098331852546 0.2
21 580.9869792430626 0.21
22 581.3553196891744 0.22
23 581.7155773164927 0.23
24 582.0683963746095 0.24
25 582.4143511330942 0.25
26 582.7539737269858 0.26
27 583.0877427488581 0.27
28 583.4160828123585 0.28
29 583.7393884626865 0.29
30 584.0580282405125 0.3
31 584.3723341369492 0.31
32 584.6826221310446 0.32
33 584.9891807048966 0.33
34 585.2922849984142 0.34
35 585.5921771155156 0.35
36 585.8890865260964 0.36
37 586.1832313534535 0.37
38 586.474810180587 0.38
39 586.7640148188939 0.39
40 587.0510161925724 0.4
41 587.3359777885742 0.41
42 587.619053979212 0.42
43 587.9003875984448 0.43
44 588.1801020074291 0.44
45 588.4583195802398 0.45
46 588.7351570960178 0.46
47 589.0107132484912 0.47
48 589.2850846225535 0.48
49 589.5583595458229 0.49
50 589.8306276639694 0.5
51 590.1019607415946 0.51
52 590.3724300481351 0.52
53 590.642102929452 0.53
54 590.9110385954453 0.54
55 591.1792941606838 0.55
56 591.4469179389724 0.5600000000000001
57 591.7101881230241 0.5700000000000001
58 591.9729245392717 0.58
59 592.2351723482993 0.59
60 592.4969671376198 0.6
61 592.7583461799062 0.61
62 593.0193441409328 0.62
63 593.2799862304403 0.63
64 593.5402963520588 0.64
65 593.8002981604369 0.65
66 594.0552384054492 0.66
67 594.3099139877332 0.67
68 594.5643461538425 0.68
69 594.81855608429 0.6900000000000001
70 595.0725588132295 0.7000000000000001
71 595.320226625655 0.71
72 595.567709569761 0.72
73 595.8150196932816 0.73
74 596.0621709955627 0.74
75 596.3091747688966 0.75
76 596.5560384365893 0.76
77 596.8027698439402 0.77
78 597.0493776053136 0.78
79 597.2958636880602 0.79
80 597.5422296762949 0.8
81 597.7884771887879 0.8100000000000001
82 598.034615761759 0.8200000000000001
83 598.2806413582477 0.8300000000000001
84 598.5265560085066 0.84
85 598.7723628126674 0.85
86 599.0180597116017 0.86
87 599.2636460050028 0.87
88 599.509116494464 0.88
89 599.7544690706194 0.89
90 599.9997023417015 0.9
91 600.2448135768186 0.91
92 600.4898003494849 0.92
93 600.7346588402544 0.93
94 600.979387918021 0.9400000000000001
95 601.2239798028897 0.9500000000000001
96 601.4684269745787 0.96
97 601.7127235669575 0.97
98 601.9568725593301 0.98
99 602.2008620210335 0.99
100 602.4446877101458 1
101 602.6883471393464 1.01
102 602.9318329888824 1.02
103 603.1751396715666 1.03
104 603.4182577307508 1.04
105 603.6611841257248 1.05
106 603.9039119807387 1.06
107 604.1464345742902 1.07
108 604.3887482473308 1.08
109 604.6308462585487 1.09
110 604.8727244997127 1.1
111 605.1143734327048 1.11
112 605.3557855704968 1.12
113 605.5969541364574 1.13
114 605.8378814303022 1.14
115 606.0785546175205 1.15
116 606.3189685299028 1.16
117 606.5591209328047 1.17
118 606.79900354748 1.18
119 607.0309768007534 1.19
120 607.2626767354388 1.2
121 607.4941057618462 1.21
122 607.7252574839283 1.22
123 607.9561265169906 1.23
124 608.1867115332913 1.24
125 608.4170076869494 1.25
126 608.647013495595 1.26
127 608.8767219434824 1.27
128 609.1061288359182 1.28
129 609.3352297368025 1.29
130 609.5640294910522 1.3
131 609.792517754491 1.31
132 610.0206914917674 1.32
133 610.2485503383683 1.33
134 610.4760882026258 1.34
135 610.7033018316171 1.35
136 610.9301839603439 1.36
137 611.1567375216184 1.37
138 611.3829554270581 1.38
139 611.608832977577 1.39
140 611.8343698012371 1.4
141 612.0595610318401 1.41
