"report-exp-max-sttemp-discsolid-rfile"
"Time Step" "report-exp-max-sttemp-discsolid etc.."
("Time Step" "report-exp-max-sttemp-discsolid" "flow-time")
0 293.7496682626113 0
1 565.8220043807379 0.01
2 621.5862461867089 0.02
3 644.0337218391419 0.03
4 657.2721355112195 0.04
5 664.6759372524552 0.05
6 669.5690241983441 0.06
7 673.1173432790515 0.07000000000000001
8 675.9003277554812 0.08
9 678.1861149128265 0.09
10 680.063193742208 0.1
11 681.623794477058 0.11
12 682.9254515737151 0.12
13 684.0309682793527 0.13
14 684.9813994498481 0.14
15 685.8042647255509 0.15
16 686.5215018176464 0.16
17 687.143507765058 0.17
18 687.6931803801371 0.18
19 688.1802055315117 0.19
20 688.6129045437546 0.2
21 689.0087509034331 0.21
22 689.3704796237766 0.22
23 689.7017590889208 0.23
24 690.0061384217931 0.24
25 690.2867514461564 0.25
26 690.5463086485095 0.26
27 690.7871478396586 0.27
28 691.011288040109 0.28
29 691.2204735186598 0.29
30 691.6765701363661 0.3
31 692.1048837977459 0.31
32 692.4958957917828 0.32
33 692.8538051415608 0.33
34 693.182281743168 0.34
35 693.4845394179338 0.35
36 693.7633975413631 0.36
37 694.0213333612816 0.37
38 694.2605266524653 0.38
39 694.4828980069029 0.39
40 694.6901417959209 0.4
41 694.8837546398208 0.41
42 695.065060066015 0.42
43 695.2352299160394 0.43
44 695.3953029667132 0.44
45 695.5462011548485 0.45
46 695.6887437337454 0.46
47 695.8236596398474 0.47
48 695.95159830693 0.48
49 696.0731391311238 0.49
50 696.1887997615949 0.5
51 696.299043367677 0.51
52 696.4042850128915 0.52
53 696.5048972489257 0.53
54 696.6012150277788 0.54
55 696.6935400175017 0.55
56 696.7821443959368 0.5600000000000001
57 696.8662883367433 0.5700000000000001
58 696.9473158555049 0.58
59 697.0254035639881 0.59
60 697.100715790096 0.6
61 697.1734049742116 0.61
62 697.2436122785057 0.62
63 697.3114683094947 0.63
64 697.3770938876989 0.64
65 697.4406008214874 0.65
66 697.5011270632174 0.66
67 697.5598477889076 0.67
68 697.6168327629997 0.68
69 697.6721498801097 0.6900000000000001
70 697.7258645793295 0.7000000000000001
71 697.7769366128973 0.71
72 697.8266436744108 0.72
73 697.8750248990059 0.73
74 697.9221203416546 0.74
75 697.9679701196229 0.75
76 698.0126138425683 0.76
77 698.0560902440393 0.77
78 698.0984369532227 0.78
79 698.1396903636543 0.79
80 698.1798855683194 0.8
81 698.2190563396248 0.8100000000000001
82 698.257235139139 0.8200000000000001
83 698.2944531465622 0.8300000000000001
84 698.3307403006092 0.84
85 698.3661253467708 0.85
86 698.4006358885198 0.86
87 698.4342984396625 0.87
88 698.4671384763203 0.88
89 698.4991804875714 0.89
90 698.5304480241671 0.9
91 698.560963744994 0.91
92 698.5907494611222 0.92
93 698.6198261774061 0.93
94 698.6482141316703 0.9400000000000001
95 698.6759328315627 0.9500000000000001
96 698.7030010891905 0.96
97 698.7294370536554 0.97
98 698.7552582416268 0.98
99 698.7804815660783 0.99
100 698.8051233633142 1
101 698.8291994184071 1.01
102 698.8527249891623 1.02
103 698.8757148287116 1.03
104 698.8981832068364 1.04
105 698.9201439301103 1.05
106 698.9416103609458 1.06
107 698.9625954356201 1.07
108 698.9831116813521 1.08
109 699.0031712324924 1.09
110 699.0227858458916 1.1
111 699.041966915494 1.11
112 699.0607254862114 1.12
113 699.0790722671215 1.13
114 699.0970176440368 1.14
115 699.1145716914734 1.15
116 699.1317441840682 1.16
117 699.1485446074687 1.17
118 699.1649821687286 1.18
119 699.1805945480643 1.19
120 699.1959023078366 1.2
121 699.2109082010797 1.21
122 699.2256159262021 1.22
123 699.2400298378784 1.23
124 699.2541547377313 1.24
125 699.2679957226271 1.25
126 699.2815580746079 1.26
127 699.2948471809552 1.27
128 699.3078684760892 1.28
129 699.3206273993205 1.29
130 699.3331293641399 1.3
131 699.3453797359285 1.31
132 699.3573838158284 1.32
133 699.3691468291427 1.33
134 699.3806739170797 1.34
135 699.3919701309743 1.35
136 699.4030404283561 1.36
137 699.4138896704069 1.37
138 699.4245226204589 1.38
139 699.4349439432916 1.39
140 699.4451582050295 1.4
141 699.4551698735091 1.41
