"report-coef-lift-tyre-rfile"
"Time Step" "report-coef-lift-tyre etc.."
("Time Step" "report-coef-lift-tyre" "flow-time")
0 -3.925975768313729e-16 0
1 -0.5174455409706195 0.01
2 -0.6481749541443437 0.02
3 -0.5977573871342207 0.03
4 -0.5695725868479729 0.04
5 -0.5922794948889083 0.05
6 -0.6387565354395106 0.06
7 -0.6886767093107397 0.07000000000000001
8 -0.6906987023503145 0.08
9 -0.658501897461522 0.09
10 -0.638171055521024 0.1
11 -0.6195038279042639 0.11
12 -0.6038777002569097 0.12
13 -0.5994259322267947 0.13
14 -0.5988367531702977 0.14
15 -0.6007156132102522 0.15
16 -0.6011253092972546 0.16
17 -0.5998406474627387 0.17
18 -0.5934994668293683 0.18
19 -0.5838218112886203 0.19
20 -0.5745777638923804 0.2
21 -0.5723961113785218 0.21
22 -0.5759863795075648 0.22
23 -0.5817605636002947 0.23
24 -0.5876114020484668 0.24
25 -0.5900360241271204 0.25
26 -0.5877456544101837 0.26
27 -0.5836791573817998 0.27
28 -0.5783382519029576 0.28
29 -0.5731222589915334 0.29
30 -0.5703505599687058 0.3
31 -0.5704391274625449 0.31
32 -0.5722726219082825 0.32
33 -0.5750954618508307 0.33
34 -0.576361467439154 0.34
35 -0.5763282178901667 0.35
36 -0.5748010885620707 0.36
37 -0.5720964191060902 0.37
38 -0.5693642801191529 0.38
39 -0.5676739403398933 0.39
40 -0.5672107626533502 0.4
41 -0.5674988905097369 0.41
42 -0.5684724290108643 0.42
43 -0.569086173374163 0.43
44 -0.5687956281897516 0.44
45 -0.5681969999510562 0.45
46 -0.5670001859572705 0.46
47 -0.5656207366567441 0.47
48 -0.5643869322909536 0.48
49 -0.5636514634492188 0.49
50 -0.5633757423071678 0.5
51 -0.5632390736178012 0.51
52 -0.5634099055034164 0.52
53 -0.5628252532138475 0.53
54 -0.5623978012431524 0.54
55 -0.5614498507527659 0.55
56 -0.5605856338002273 0.5600000000000001
57 -0.5595933086109603 0.5700000000000001
58 -0.5589682456682191 0.58
59 -0.5583415771600825 0.59
60 -0.5581948851929284 0.6
61 -0.557812962046437 0.61
62 -0.5571534887803795 0.62
63 -0.5564485774866554 0.63
64 -0.5553743028848998 0.64
65 -0.5543719603601989 0.65
66 -0.5532853225202206 0.66
67 -0.5528975152831551 0.67
68 -0.5528175967212904 0.68
69 -0.5520832009302924 0.6900000000000001
70 -0.5513950661433655 0.7000000000000001
71 -0.5517196704810869 0.71
72 -0.5507124623412509 0.72
73 -0.5498976188830782 0.73
74 -0.549201883112886 0.74
75 -0.5476397985204937 0.75
76 -0.5464542742101844 0.76
77 -0.5457626831107757 0.77
78 -0.5448551023105511 0.78
79 -0.5448276830247559 0.79
80 -0.5435444512041456 0.8
81 -0.5426643788637772 0.8100000000000001
82 -0.5417372565023534 0.8200000000000001
83 -0.5413966623353482 0.8300000000000001
84 -0.5404362923982938 0.84
85 -0.5385000201788437 0.85
86 -0.5381958187799558 0.86
87 -0.5365882800536768 0.87
88 -0.536007061823062 0.88
89 -0.5353007318693667 0.89
90 -0.5336792462037115 0.9
91 -0.53300023735874 0.91
92 -0.5317182907551532 0.92
93 -0.5307481202111907 0.93
94 -0.5292416405061334 0.9400000000000001
95 -0.5283971721581617 0.9500000000000001
96 -0.5274475367748654 0.96
97 -0.5260877071024715 0.97
98 -0.5251578125466605 0.98
99 -0.5234585435264311 0.99
100 -0.522387861428288 1
101 -0.5209942100059889 1.01
102 -0.5193558553664732 1.02
103 -0.5182926983362433 1.03
104 -0.5172120728100993 1.04
105 -0.5155035440038668 1.05
106 -0.5150285934718237 1.06
107 -0.5131647776529644 1.07
108 -0.5118581139256001 1.08
109 -0.5105120127877346 1.09
110 -0.5092433545091575 1.1
111 -0.5073474297711478 1.11
112 -0.5057030878641438 1.12
113 -0.5044832839254417 1.13
114 -0.5035412145273308 1.14
115 -0.5013661519868325 1.15
116 -0.5001073295775275 1.16
117 -0.4985342220288589 1.17
118 -0.4970272882812837 1.18
119 -0.4958443055975525 1.19
120 -0.4941993909271107 1.2
121 -0.493578802663833 1.21
122 -0.4926598797126917 1.22
123 -0.4910267129909088 1.23
124 -0.4894390175170416 1.24
125 -0.4878660561630697 1.25
126 -0.4859425640814978 1.26
127 -0.4850174629431456 1.27
128 -0.483406341777911 1.28
129 -0.4820909159328581 1.29
130 -0.4800315087131437 1.3
131 -0.479392847614624 1.31
132 -0.477483619454215 1.32
133 -0.4759976152670362 1.33
134 -0.4744816053978215 1.34
135 -0.4730767467132666 1.35
136 -0.471783579432333 1.36
137 -0.4700525159536086 1.37
138 -0.4685113132281238 1.38
139 -0.4670663991939821 1.39
140 -0.4654083439763209 1.4
141 -0.4641978433612224 1.41
