"report-coef-lift-tyre-rim-rfile"
"Time Step" "report-coef-lift-tyre-rim etc.."
("Time Step" "report-coef-lift-tyre-rim" "flow-time")
0 -3.925975768313978e-16 0
1 -13.00874825030641 0.01
2 -1.913836485650827 0.02
3 -0.3771751581414579 0.03
4 -0.3062393019997776 0.04
5 0.2096866374295476 0.05
6 -0.1498379087235389 0.06
7 -0.4117023198367057 0.07000000000000001
8 -0.5286108008165399 0.08
9 -0.5731310640734768 0.09
10 -0.6893028271018639 0.1
11 -0.7462741769369529 0.11
12 -0.8021918392732725 0.12
13 -0.7943785630107344 0.13
14 -0.7342126279674626 0.14
15 -0.6489723213821951 0.15
16 -0.59161897702292 0.16
17 -0.5691300541631182 0.17
18 -0.5781822250788397 0.18
19 -0.5919091237768336 0.19
20 -0.5955188989671272 0.2
21 -0.6142960367693754 0.21
22 -0.6198801074063158 0.22
23 -0.6039782398728176 0.23
24 -0.5847462677561812 0.24
25 -0.5798121471366529 0.25
26 -0.5764573515096318 0.26
27 -0.5859375472911965 0.27
28 -0.6106887214956727 0.28
29 -0.6222212702222095 0.29
30 -0.6264477920116267 0.3
31 -0.6295896718317675 0.31
32 -0.6134912028112419 0.32
33 -0.6024598391233269 0.33
34 -0.5949418557053893 0.34
35 -0.5887030213765092 0.35
36 -0.589930869776106 0.36
37 -0.5885086202343351 0.37
38 -0.5944793663409689 0.38
39 -0.5961951851990761 0.39
40 -0.599384831948987 0.4
41 -0.5995491097951638 0.41
42 -0.6010455376660584 0.42
43 -0.6031016247372664 0.43
44 -0.6028423022170044 0.44
45 -0.5972342039475819 0.45
46 -0.5961431470862431 0.46
47 -0.5905649802165185 0.47
48 -0.5769247523493511 0.48
49 -0.5769440491657338 0.49
50 -0.5867747277131068 0.5
51 -0.5881219641484285 0.51
52 -0.5977376406764692 0.52
53 -0.6008232010071536 0.53
54 -0.6027003482781729 0.54
55 -0.5929772516232947 0.55
56 -0.5873357162814732 0.5600000000000001
57 -0.5734887741462187 0.5700000000000001
58 -0.5707692737308765 0.58
59 -0.5685624183772494 0.59
60 -0.5857399982983594 0.6
61 -0.5959295275978784 0.61
62 -0.6079749904978257 0.62
63 -0.5980924242037694 0.63
64 -0.5908463309430342 0.64
65 -0.578462547354522 0.65
66 -0.5579926434654336 0.66
67 -0.5593728500540978 0.67
68 -0.5708103728704654 0.68
69 -0.5829925429543553 0.6900000000000001
70 -0.5877372604250736 0.7000000000000001
71 -0.6256156942553986 0.71
72 -0.6230156050692655 0.72
73 -0.6103117307508957 0.73
74 -0.5866565390351216 0.74
75 -0.5659490161978893 0.75
76 -0.5574788870558478 0.76
77 -0.5613140851773093 0.77
78 -0.5767543273765912 0.78
79 -0.5931471576422943 0.79
80 -0.6005867581966595 0.8
81 -0.5967972413451803 0.8100000000000001
82 -0.5916516347272355 0.8200000000000001
83 -0.5897696667589101 0.8300000000000001
84 -0.5796543766666142 0.84
85 -0.5581302197377149 0.85
86 -0.5765712903451338 0.86
87 -0.5731997715765377 0.87
88 -0.5828239281938895 0.88
89 -0.6027562175473087 0.89
90 -0.5996272491976399 0.9
91 -0.5976365160710013 0.91
92 -0.5758611233658261 0.92
93 -0.5666055095605906 0.93
94 -0.554807133030911 0.9400000000000001
95 -0.5613833244106657 0.9500000000000001
96 -0.5701072538914025 0.96
97 -0.573620493624138 0.97
98 -0.6008571151656278 0.98
99 -0.5875427372213948 0.99
100 -0.577837960327411 1
101 -0.5684118494094993 1.01
102 -0.5537707079791871 1.02
103 -0.5473438119839857 1.03
104 -0.5541540755542066 1.04
105 -0.5506951850731128 1.05
106 -0.5648358949174627 1.06
107 -0.5647309144369185 1.07
108 -0.5707141870960077 1.08
109 -0.5698256203462532 1.09
110 -0.5570382572504212 1.1
111 -0.5457007340472392 1.11
112 -0.5296112888699139 1.12
113 -0.5403161078043462 1.13
114 -0.5487338359858328 1.14
115 -0.5441032223825714 1.15
116 -0.5634884724909632 1.16
117 -0.5596738671072974 1.17
118 -0.5537118884160125 1.18
119 -0.5549228647482893 1.19
120 -0.537142506178534 1.2
121 -0.5473856467546755 1.21
122 -0.5518073107557714 1.22
123 -0.5444550576731434 1.23
124 -0.5478384626773384 1.24
125 -0.5488389136469598 1.25
126 -0.5491798428666077 1.26
127 -0.5509323191915011 1.27
128 -0.5393578930266447 1.28
129 -0.5332953411756928 1.29
130 -0.524721498552872 1.3
131 -0.5362271728993734 1.31
132 -0.5292362210991931 1.32
133 -0.532238707284366 1.33
134 -0.5449239610478976 1.34
135 -0.5552041081514396 1.35
136 -0.533722834819476 1.36
137 -0.5325154935609391 1.37
138 -0.5201238833061992 1.38
139 -0.5185221880566127 1.39
140 -0.5185179712538707 1.4
141 -0.5169378957659482 1.41
