"report-surfarweavg-wallflux-shtc-mid-disc-rfile"
"Time Step" "report-surfarweavg-wallflux-shtc-mid-disc etc.."
("Time Step" "report-surfarweavg-wallflux-shtc-mid-disc" "flow-time")
0 0 0
1 -4.192917528668223e-14 0.01
2 1.069795440767881e-14 0.02
3 -1.184206178872711e-14 0.03
4 -1.37248997808034e-13 0.04
5 -3.191112922922228e-14 0.05
6 -1.24172817187777e-11 0.06
7 -4.223504978040025e-13 0.07000000000000001
8 3.811486892604013e-14 0.08
9 3.299061806188865e-15 0.09
10 1.327585750169696e-14 0.1
11 4.690200164825241e-14 0.11
12 8.258824889638881e-15 0.12
13 3.801377350734756e-14 0.13
14 -7.390679673031703e-15 0.14
15 2.665923434597264e-14 0.15
16 -2.455392259509411e-14 0.16
17 3.535364607810227e-14 0.17
18 -1.186788752631405e-14 0.18
19 -1.669498719848475e-14 0.19
20 -1.651247390593133e-14 0.2
21 6.891752659497243e-15 0.21
22 -1.490474570209321e-14 0.22
23 -2.423282413935272e-15 0.23
24 1.024563406706241e-14 0.24
25 -4.608602563804999e-14 0.25
26 4.802428946254256e-14 0.26
27 -4.686848141604847e-15 0.27
28 1.705458430710289e-14 0.28
29 -8.062014480857244e-15 0.29
30 -1.270410246368874e-14 0.3
31 5.272538707730116e-15 0.31
32 -1.208730491456498e-14 0.32
33 4.444824271695881e-15 0.33
34 -5.59917522521221e-15 0.34
35 1.784473070251508e-14 0.35
36 1.163824118387965e-14 0.36
37 -2.169733515287494e-14 0.37
38 2.89198720476924e-14 0.38
39 -1.737476951162261e-14 0.39
40 4.419910628201623e-14 0.4
41 -2.457795613928196e-14 0.41
42 -6.180409668712615e-15 0.42
43 1.350275347438757e-14 0.43
44 1.989002346054238e-14 0.44
45 -2.277729650795393e-14 0.45
46 -3.914235941494011e-14 0.46
47 -3.696503268769157e-14 0.47
48 -7.320242293308384e-16 0.48
49 2.983269406652905e-14 0.49
50 -1.120033006913341e-14 0.5
51 1.310579458621823e-14 0.51
52 -4.890769879660482e-15 0.52
53 -9.754296322093532e-15 0.53
54 2.853623176050059e-14 0.54
55 -5.052282707807639e-14 0.55
56 1.884284889519423e-14 0.5600000000000001
57 5.549877723108351e-14 0.5700000000000001
58 2.035474776583244e-14 0.58
59 -1.012776586648294e-14 0.59
60 2.498205742135351e-14 0.6
61 -3.718158800930897e-14 0.61
62 1.489231355260779e-14 0.62
63 -1.030033106796398e-14 0.63
64 2.431883307252991e-14 0.64
65 1.875136987774303e-14 0.65
66 -2.423154498450289e-14 0.66
67 -1.10190285354903e-17 0.67
68 1.111814716717599e-14 0.68
69 2.030192086513733e-14 0.6900000000000001
70 -2.897714623187369e-14 0.7000000000000001
71 1.953483736795409e-15 0.71
72 1.365580719388412e-14 0.72
73 1.584300445324704e-14 0.73
74 3.841485468220862e-14 0.74
75 1.813443970471719e-14 0.75
76 2.734893893769616e-14 0.76
77 -7.73820261302419e-16 0.77
78 2.52268565901147e-14 0.78
79 -4.511482709151149e-15 0.79
80 2.294139846613372e-14 0.8
81 5.578581482269564e-15 0.8100000000000001
82 4.206410787473743e-15 0.8200000000000001
83 -1.934567421653315e-15 0.8300000000000001
84 -6.074136598408976e-15 0.84
85 2.127570676862527e-16 0.85
86 1.250689359579382e-14 0.86
87 -2.060805818137375e-14 0.87
88 1.222184856629934e-14 0.88
89 9.601018782837187e-15 0.89
90 -1.038584894454793e-14 0.9
91 -3.006893180763984e-14 0.91
92 -2.76023199504943e-14 0.92
93 -1.650470219531427e-14 0.93
94 1.896626346754265e-14 0.9400000000000001
95 -3.418848460737238e-14 0.9500000000000001
96 6.187852484641598e-15 0.96
97 -8.90900668651127e-15 0.97
98 3.175944748703779e-14 0.98
99 -1.373017187495661e-14 0.99
100 -7.229923926136397e-15 1
101 -7.663560926885282e-15 1.01
102 -1.375404941321639e-14 1.02
103 -2.326115779135959e-14 1.03
104 3.998645961425049e-14 1.04
105 1.441769623875615e-14 1.05
106 -1.079196247714306e-14 1.06
107 1.892029965773916e-14 1.07
108 1.270385604323953e-14 1.08
109 2.696651366875146e-15 1.09
110 4.539737316307805e-14 1.1
111 -5.037040761383781e-15 1.11
112 1.794851350931359e-14 1.12
113 -1.832239583907998e-15 1.13
114 3.185031201911024e-14 1.14
115 -2.649365992986121e-14 1.15
116 -2.336933858756486e-15 1.16
117 3.414562539931503e-14 1.17
118 2.245339093194493e-15 1.18
119 -9.672029086309703e-15 1.19
120 6.516709090892339e-15 1.2
121 -5.228573069495482e-15 1.21
122 -1.382943383343674e-14 1.22
123 2.916897694220435e-14 1.23
124 -8.756773283776724e-15 1.24
125 -3.328922745586256e-14 1.25
126 -1.06910646392007e-14 1.26
127 -1.681406381973408e-14 1.27
128 -7.945967354156482e-15 1.28
129 -5.167430806496775e-14 1.29
130 -2.74101672026524e-14 1.3
131 -1.029448624785096e-14 1.31
132 -8.448089872513768e-16 1.32
133 -2.605527245919652e-14 1.33
134 -1.412173060388888e-14 1.34
135 -1.195881609102947e-14 1.35
136 -9.19050720384414e-15 1.36
137 -1.684956989998007e-14 1.37
138 -4.19163843625804e-15 1.38
139 -3.125253151584905e-14 1.39
140 2.955596383427496e-14 1.4
141 1.218581357822066e-15 1.41
