"report-volavg-statemp-soliddisc-rfile"
"Time Step" "report-volavg-statemp-soliddisc etc.."
("Time Step" "report-volavg-statemp-soliddisc" "flow-time")
0 293.7496682626145 0
1 305.2989451291685 0.01
2 314.5779808021942 0.02
3 322.3170404051534 0.03
4 328.9583917478926 0.04
5 334.7869831067808 0.05
6 339.9952469554689 0.06
7 344.7180619577118 0.07000000000000001
8 349.0528879330996 0.08
9 353.0719011008114 0.09
10 356.8297016488771 0.1
11 360.3683245469639 0.11
12 363.7165380546285 0.12
13 366.9014417656626 0.13
14 369.944979895878 0.14
15 372.8634204140352 0.15
16 375.6697645370439 0.16
17 378.3670469720154 0.17
18 380.9686186585988 0.18
19 383.4798399485366 0.19
20 385.9039814711537 0.2
21 388.2639519429861 0.21
22 390.5644106230276 0.22
23 392.8094283843313 0.23
24 395.0025818282225 0.24
25 397.1470316258785 0.25
26 399.2455879313941 0.26
27 401.3007637165286 0.27
28 403.3148178709047 0.28
29 405.2897921143664 0.29
30 407.2275415157247 0.3
31 409.1297590009321 0.31
32 410.9979967749902 0.32
33 412.833683598952 0.33
34 414.6381399463149 0.34
35 416.4125896479002 0.35
36 418.158170888327 0.36
37 419.8759456179296 0.37
38 421.5669070712536 0.38
39 423.2319868111187 0.39
40 424.8720602102758 0.4
41 426.4879517567823 0.41
42 428.0804395790364 0.42
43 429.6502593895697 0.43
44 431.1981073378876 0.44
45 432.7246437057518 0.45
46 434.2304957491432 0.46
47 435.7162596363889 0.47
48 437.1825029130025 0.48
49 438.6297665090145 0.49
50 440.0585669949346 0.5
51 441.4693974402209 0.51
52 442.8627293125987 0.52
53 444.2390139035656 0.53
54 445.5986834320088 0.54
55 446.9421522543008 0.55
56 448.2698177625767 0.5600000000000001
57 449.5691209962272 0.5700000000000001
58 450.8536602576175 0.58
59 452.1237689319539 0.59
60 453.3797710121379 0.6
61 454.6219807192689 0.61
62 455.8507022684702 0.62
63 457.0662296312935 0.63
64 458.2688468357243 0.64
65 459.4588284690332 0.65
66 460.6204929068373 0.66
67 461.7703642826519 0.67
68 462.9086723367561 0.68
69 464.035642899664 0.6900000000000001
70 465.1514966417018 0.7000000000000001
71 466.2359693859392 0.71
72 467.3101346854594 0.72
73 468.3741753282913 0.73
74 469.4282725166793 0.74
75 470.4726046156778 0.75
76 471.5073462722507 0.76
77 472.5326682424808 0.77
78 473.5487372699809 0.78
79 474.5557158049321 0.79
80 475.5537620096312 0.8
81 476.5430299480212 0.8100000000000001
82 477.5236701275899 0.8200000000000001
83 478.4958288706076 0.8300000000000001
84 479.4596488129325 0.84
85 480.4152691011433 0.85
86 481.3628252968111 0.86
87 482.302449497344 0.87
88 483.2342703442162 0.88
89 484.1584133127452 0.89
90 485.0750008350495 0.9
91 485.9841523886896 0.91
92 486.8859845704121 0.92
93 487.7806112175035 0.93
94 488.6681435540602 0.9400000000000001
95 489.5486900238666 0.9500000000000001
96 490.4223563439432 0.96
97 491.2892457553261 0.97
98 492.1494595721956 0.98
99 493.0030964211396 0.99
100 493.850252753325 1
101 494.691023008486 1.01
102 495.5254994784857 1.02
103 496.3537723479286 1.03
104 497.1759296776516 1.04
105 497.9920577863318 1.05
106 498.8022410799064 1.06
107 499.606562104015 1.07
108 500.4051017735674 1.08
109 501.1979393061957 1.09
110 501.9851523069159 1.1
111 502.7668166271637 1.11
112 503.5430064464282 1.12
113 504.3137944263526 1.13
114 505.0792521976046 1.14
115 505.8394495644355 1.15
116 506.5944549643269 1.16
117 507.3443356612162 1.17
118 508.0891575102447 1.18
119 508.8094941762029 1.19
120 509.5251479573312 1.2
121 510.2361715426102 1.21
122 510.9426182024467 1.22
123 511.644541175011 1.23
124 512.3419935530254 1.24
125 513.0350279126844 1.25
126 513.7236962452306 1.26
127 514.4080496891727 1.27
128 515.0881385500594 1.28
129 515.764012336856 1.29
130 516.4357201787044 1.3
131 517.1033100420372 1.31
132 517.7668291056267 1.32
133 518.4263239177621 1.33
134 519.0818401648576 1.34
135 519.7334227024633 1.35
136 520.3811154977094 1.36
137 521.0249621072004 1.37
138 521.6650051875923 1.38
139 522.3012865853427 1.39
140 522.933847613686 1.4
141 523.5627288764377 1.41
