"report-volmax-statemp-pads12-rfile"
"Time Step" "report-volmax-statemp-pads12 etc.."
("Time Step" "report-volmax-statemp-pads12" "flow-time")
0 293.7496682626113 0
1 294.5772467657101 0.01
2 294.794874304199 0.02
3 295.0179567460265 0.03
4 295.243963662897 0.04
5 295.4695301700376 0.05
6 295.6940215222871 0.06
7 295.9176072267698 0.07000000000000001
8 296.1435900608842 0.08
9 296.3688112172795 0.09
10 296.5932222869237 0.1
11 296.8091551476628 0.11
12 297.0309383460336 0.12
13 297.2561385589353 0.13
14 297.4807943910004 0.14
15 297.701228256927 0.15
16 297.92530210884 0.16
17 298.1476496066742 0.17
18 298.3696320213306 0.18
19 298.5918614716999 0.19
20 298.805663106296 0.2
21 299.0216709789948 0.21
22 299.2426676636978 0.22
23 299.4633868386845 0.23
24 299.6801017309058 0.24
25 299.8970621346469 0.25
26 300.1136682985849 0.26
27 300.3313090043139 0.27
28 300.5517751388811 0.28
29 300.767858948488 0.29
30 300.983405724528 0.3
31 301.2037120392895 0.31
32 301.4234298231537 0.32
33 301.6345926142698 0.33
34 301.8498546037677 0.34
35 302.0588277899257 0.35
36 302.2739984142552 0.36
37 302.4933050101116 0.37
38 302.7060594244275 0.38
39 302.9192924262942 0.39
40 303.1387407665771 0.4
41 303.3575457080368 0.41
42 303.5623587647195 0.42
43 303.776247584579 0.43
44 303.9872595114621 0.44
45 304.2029603991026 0.45
46 304.4211664890893 0.46
47 304.6324935108232 0.47
48 304.8416590055482 0.48
49 305.0600548396258 0.49
50 305.2780993198192 0.5
51 305.4856146743256 0.51
52 305.690867654578 0.52
53 305.8948021740321 0.53
54 306.1026354243969 0.54
55 306.3198311007924 0.55
56 306.5285218250273 0.5600000000000001
57 306.7364611059905 0.5700000000000001
58 306.9520312241743 0.58
59 307.1676607347879 0.59
60 307.3658392014157 0.6
61 307.5706494518523 0.61
62 307.7941336519448 0.62
63 308.0177588820588 0.63
64 308.241431695574 0.64
65 308.465056787029 0.65
66 308.6866678583039 0.66
67 308.9084368665482 0.67
68 309.130185301073 0.68
69 309.351652446199 0.6900000000000001
70 309.5731577173019 0.7000000000000001
71 309.7918867344954 0.71
72 310.0106214319886 0.72
73 310.229312731176 0.73
74 310.4479911003903 0.74
75 310.6666130835538 0.75
76 310.8853921286603 0.76
77 311.104147041916 0.77
78 311.3226459319115 0.78
79 311.5410885131759 0.79
80 311.759507589217 0.8
81 311.9780010299231 0.8100000000000001
82 312.1963687000782 0.8200000000000001
83 312.4147529209174 0.8300000000000001
84 312.6330648829614 0.84
85 312.8515884759602 0.85
86 313.0701072645472 0.86
87 313.2883305372659 0.87
88 313.5064966620783 0.88
89 313.7245467492808 0.89
90 313.9435517896778 0.9
91 314.1629270525396 0.91
92 314.3823023655819 0.92
93 314.6016777361656 0.93
94 314.8210531391024 0.9400000000000001
95 315.0404285667747 0.9500000000000001
96 315.2598040413835 0.96
97 315.4791795786423 0.97
98 315.6985551705658 0.98
99 315.9179308064355 0.99
100 316.1373065001819 1
101 316.3566822552303 1.01
102 316.5760580748911 1.02
103 316.7954339299842 1.03
104 317.0148098302408 1.04
105 317.2341857953361 1.05
106 317.4535618372053 1.06
107 317.672937945054 1.07
108 317.8923141169825 1.08
109 318.1116903543103 1.09
110 318.3310666607014 1.1
111 318.5504430303076 1.11
112 318.7698194340416 1.12
113 318.9891959017602 1.13
114 319.2085724518518 1.14
115 319.4279490876816 1.15
116 319.6473258136095 1.16
117 319.8667026173224 1.17
118 320.0860794924035 1.18
119 320.3014970835432 1.19
120 320.5169147366361 1.2
121 320.7323324261128 1.21
122 320.9477501595849 1.22
123 321.1631679472933 1.23
124 321.3785858013735 1.24
125 321.5940037152822 1.25
126 321.8094216847222 1.26
127 322.0248397228065 1.27
128 322.2402578345072 1.28
129 322.4556760136263 1.29
130 322.6710942304236 1.3
131 322.8865124900908 1.31
132 323.1019308114278 1.32
133 323.3173492132479 1.33
134 323.5327676866335 1.34
135 323.7481862328981 1.35
136 323.9636048434818 1.36
137 324.1790235126933 1.37
138 324.3944422371629 1.38
139 324.6098609956878 1.39
140 324.8252798207208 1.4
141 325.0406987353159 1.41
