"report-sum-heatflux-disczones-rfile"
"Time Step" "report-surf-sum-totsurfheatflux-middisc etc.."
("Time Step" "report-surf-sum-totsurfheatflux-middisc" "flow-time")
0 0 0
1 -7.948983693495393e-09 0.01
2 5.049514584243298e-09 0.02
3 -6.828486220911145e-09 0.03
4 -2.939486876130104e-09 0.04
5 -2.197339199483395e-09 0.05
6 3.128661774098873e-10 0.06
7 -8.196366252377629e-09 0.07000000000000001
8 3.194145392626524e-09 0.08
9 1.102307578548789e-09 0.09
10 7.436028681695461e-09 0.1
11 1.231455826200545e-08 0.11
12 3.918103175237775e-09 0.12
13 9.265932021662593e-09 0.13
14 -1.255102688446641e-09 0.14
15 1.86992110684514e-09 0.15
16 4.434696165844798e-09 0.16
17 7.737980922684073e-09 0.17
18 -1.33877620100975e-09 0.18
19 1.618900569155812e-09 0.19
20 -2.099113771691918e-09 0.2
21 -4.067260306328535e-09 0.21
22 -4.129105946049094e-09 0.22
23 1.640728441998363e-09 0.23
24 3.030436346307397e-09 0.24
25 -1.046646502800286e-08 0.25
26 6.515620043501258e-09 0.26
27 2.022716216742992e-09 0.27
28 7.628841558471322e-09 0.28
29 -5.071342457085848e-09 0.29
30 -4.729372449219227e-10 0.3
31 -6.079062586650252e-09 0.31
32 -4.940375220030546e-09 0.32
33 -8.185452315956354e-10 0.33
34 1.127773430198431e-08 0.34
35 4.260073183104396e-09 0.35
36 6.242771632969379e-09 0.36
37 -3.474269760772586e-09 0.37
38 4.150933818891644e-09 0.38
39 -2.375600161030889e-09 0.39
40 1.038642949424684e-08 0.4
41 -1.14159774966538e-08 0.41
42 2.510205376893282e-10 0.42
43 -2.644810592755675e-09 0.43
44 -1.749867806211114e-09 0.44
45 -5.566107574850321e-09 0.45
46 -4.012690624222159e-09 0.46
47 -1.232911017723382e-08 0.47
48 2.946762833744287e-10 0.48
49 5.093170329928398e-09 0.49
50 2.713932190090418e-09 0.5
51 -1.429725671187043e-09 0.51
52 -9.98261384665966e-09 0.52
53 -1.899024937301874e-09 0.53
54 3.939931048080325e-09 0.54
55 -1.696389517746866e-08 0.55
56 6.893969839438796e-09 0.5600000000000001
57 6.959453457966447e-09 0.5700000000000001
58 -3.492459654808044e-10 0.58
59 -1.993612386286259e-09 0.59
60 6.39192876406014e-09 0.6
61 -1.237276592291892e-08 0.61
62 -3.03771230392158e-09 0.62
63 -1.644366420805454e-09 0.63
64 4.783942131325603e-09 0.64
65 -8.658389560878277e-10 0.65
66 -6.661139195784926e-09 0.66
67 6.129994289949536e-09 0.67
68 3.099557943642139e-09 0.68
69 1.036823960021138e-08 0.6900000000000001
70 -1.597072696313262e-09 0.7000000000000001
71 5.900801625102758e-09 0.71
72 -1.382431946694851e-10 0.72
73 -2.837623469531536e-10 0.73
74 9.957147995010018e-09 0.74
75 -4.10000211559236e-09 0.75
76 3.197783371433616e-09 0.76
77 1.633452484384179e-09 0.77
78 1.506123226135969e-09 0.78
79 3.463355824351311e-09 0.79
80 3.9508449845016e-09 0.8
81 2.339220372959971e-09 0.8100000000000001
82 9.735231287777424e-09 0.8200000000000001
83 -1.46610545925796e-09 0.8300000000000001
84 2.295564627274871e-09 0.84
85 3.979948814958334e-09 0.85
86 -5.238689482212067e-10 0.86
87 -1.517037162557244e-09 0.87
88 -1.262378646060824e-09 0.88
89 -3.954482963308692e-09 0.89
90 1.622538547962904e-09 0.9
91 -4.965841071680188e-09 0.91
92 -7.039488991722465e-09 0.92
93 -8.243659976869822e-09 0.93
94 5.413312464952469e-09 0.9400000000000001
95 -2.855813363566995e-09 0.9500000000000001
96 -7.8580342233181e-10 0.96
97 2.048182068392634e-09 0.97
98 3.346940502524376e-09 0.98
99 -1.495209289714694e-09 0.99
100 -1.426087692379951e-09 1
101 7.024937076494098e-09 1.01
102 6.257323548197746e-10 1.02
103 -2.062733983621001e-09 1.03
104 9.080395102500916e-09 1.04
105 5.704350769519806e-09 1.05
106 1.611624611541629e-09 1.06
107 1.011358108371496e-09 1.07
108 -1.160515239462256e-09 1.08
109 -6.439222488552332e-09 1.09
110 4.8167717e+08 1.1
111 4.8167717e+08 1.11
112 4.8167717e+08 1.12
113 4.8167717e+08 1.13
114 4.8167717e+08 1.14
115 4.8167717e+08 1.15
116 4.8167717e+08 1.16
117 4.8167717e+08 1.17
118 4.8167717e+08 1.18
119 4.8167717e+08 1.19
120 4.8167717e+08 1.2
121 4.8167717e+08 1.21
122 4.8167717e+08 1.22
123 4.8167717e+08 1.23
124 4.8167717e+08 1.24
125 4.8167717e+08 1.25
126 4.8167717e+08 1.26
127 4.8167717e+08 1.27
128 4.8167717e+08 1.28
129 4.8167717e+08 1.29
130 4.8167717e+08 1.3
131 4.8167717e+08 1.31
132 4.8167717e+08 1.32
133 4.8167717e+08 1.33
134 4.8167717e+08 1.34
135 4.8167717e+08 1.35
136 4.8167717e+08 1.36
137 4.8167717e+08 1.37
138 4.8167717e+08 1.38
139 4.8167717e+08 1.39
140 4.8167717e+08 1.4
141 4.8167717e+08 1.41
