"report-coef-drag-tyre-rfile"
"Time Step" "report-coef-drag-tyre etc.."
("Time Step" "report-coef-drag-tyre" "flow-time")
0 2.641440867888443e-20 0
1 0.4430588261338106 0.01
2 0.4218768542030645 0.02
3 0.4495559143371857 0.03
4 0.4936407938471999 0.04
5 0.5241638892234567 0.05
6 0.5906509312277678 0.06
7 0.5965317625425502 0.07000000000000001
8 0.5154087975188067 0.08
9 0.4067321885728635 0.09
10 0.3591482765159378 0.1
11 0.3409630181290614 0.11
12 0.3198067228376754 0.12
13 0.3021752282466315 0.13
14 0.2887556366765047 0.14
15 0.2822121878447211 0.15
16 0.2798922247433155 0.16
17 0.2817112799728732 0.17
18 0.2844731280921026 0.18
19 0.2842220692632319 0.19
20 0.2797975298200637 0.2
21 0.2734428341794557 0.21
22 0.268453484224138 0.22
23 0.2656504371307005 0.23
24 0.2657637300562672 0.24
25 0.2678717515311932 0.25
26 0.2704205518335492 0.26
27 0.2721233247474857 0.27
28 0.2726954266384791 0.28
29 0.2711785504040222 0.29
30 0.2687499067472549 0.3
31 0.2663172132788922 0.31
32 0.2647438620923771 0.32
33 0.2645701922336707 0.33
34 0.2652972316206572 0.34
35 0.2663985789036865 0.35
36 0.2677948639853296 0.36
37 0.2687428094878859 0.37
38 0.2690083746489938 0.38
39 0.2686024835300608 0.39
40 0.2682300014543869 0.4
41 0.2678494369158766 0.41
42 0.2681790586594044 0.42
43 0.268795138819963 0.43
44 0.2698321680517871 0.44
45 0.2707778614341848 0.45
46 0.2722733371066159 0.46
47 0.2733943042556962 0.47
48 0.2741404243067033 0.48
49 0.2744872376547851 0.49
50 0.2750139979856862 0.5
51 0.2759661553623267 0.51
52 0.2767307778068302 0.52
53 0.2778281007050916 0.53
54 0.2789994381607596 0.54
55 0.2801589498057931 0.55
56 0.281740697211792 0.5600000000000001
57 0.2823547097755733 0.5700000000000001
58 0.2833431665375621 0.58
59 0.2842376350233846 0.59
60 0.2853608683458564 0.6
61 0.2865179921322223 0.61
62 0.2876516024996328 0.62
63 0.2889448547946412 0.63
64 0.2902527594907485 0.64
65 0.2916501790979234 0.65
66 0.2923503800434958 0.66
67 0.2934369430739839 0.67
68 0.2943800721147368 0.68
69 0.2957512007681718 0.6900000000000001
70 0.2970599078558489 0.7000000000000001
71 0.2978318602838119 0.71
72 0.2988872741745255 0.72
73 0.3000168054491298 0.73
74 0.3013390150244082 0.74
75 0.3026986863907062 0.75
76 0.3039754927173442 0.76
77 0.3051246701739004 0.77
78 0.3062780663873019 0.78
79 0.3076346122381505 0.79
80 0.3087403484373504 0.8
81 0.3099734075147643 0.8100000000000001
82 0.3111591710287515 0.8200000000000001
83 0.3124631509676917 0.8300000000000001
84 0.3137192880134074 0.84
85 0.3152227668564732 0.85
86 0.3163997169382692 0.86
87 0.3177512416300549 0.87
88 0.3192561185215921 0.88
89 0.3207426317963797 0.89
90 0.3221205489981256 0.9
91 0.3232983891193938 0.91
92 0.3246728616006805 0.92
93 0.3262001102804433 0.93
94 0.3275834280503485 0.9400000000000001
95 0.3291250369916385 0.9500000000000001
96 0.3303758282334498 0.96
97 0.3320845223646242 0.97
98 0.3335889239072236 0.98
99 0.3350037849707989 0.99
100 0.33661975758049 1
101 0.3381096215540955 1.01
102 0.3399329990055763 1.02
103 0.3413868834877518 1.03
104 0.342887874121894 1.04
105 0.3445537139563952 1.05
106 0.3459792674210401 1.06
107 0.3477944299208123 1.07
108 0.3494012917031994 1.08
109 0.3508496016085079 1.09
110 0.3525517085479367 1.1
111 0.3540250582109163 1.11
112 0.3558212189313633 1.12
113 0.3575912217029072 1.13
114 0.3591049827691762 1.14
115 0.3610077798323859 1.15
116 0.362468920914201 1.16
117 0.36454525807661 1.17
118 0.3661136641442977 1.18
119 0.3673783457731692 1.19
120 0.3688568129928581 1.2
121 0.3705009532680491 1.21
122 0.3721479933549654 1.22
123 0.3739218915899049 1.23
124 0.3755059037531878 1.24
125 0.3774069592302485 1.25
126 0.3791169882513443 1.26
127 0.3806453751549365 1.27
128 0.3818906896835281 1.28
129 0.3835518364838204 1.29
130 0.3851702639349123 1.3
131 0.387037427403187 1.31
132 0.3885981124476542 1.32
133 0.3903753713427855 1.33
134 0.3919862611835349 1.34
135 0.3935813411527995 1.35
136 0.3954770139887896 1.36
137 0.3967885074973866 1.37
138 0.3983982207887371 1.38
139 0.4000045047791131 1.39
140 0.4014559012143328 1.4
141 0.4033392393296721 1.41
