"report-sum-heatflux-soliddisc-rfile"
"Time Step" "report-surf-sum-totsurfheatflux-soliddisc etc.."
("Time Step" "report-surf-sum-totsurfheatflux-soliddisc" "flow-time")
0 0 0
1 629829584722.8282 0.01
2 477408587386.7489 0.02
3 386431216672.1105 0.03
4 327630632243.6753 0.04
5 287121318711.248 0.05
6 257729398740.8404 0.06
7 235480637241.4156 0.07000000000000001
8 218048246467.7307 0.08
9 203993104271.8644 0.09
10 192394654889.8845 0.1
11 182635641745.7657 0.11
12 174316461083.0634 0.12
13 167110806288.3529 0.13
14 160790023491.5557 0.14
15 155192143921.6313 0.15
16 150191375430.3808 0.16
17 145718244342.961 0.17
18 141664044373.9125 0.18
19 137976410286.1126 0.19
20 134610061479.6952 0.2
21 131471697253.1441 0.21
22 128546243221.1117 0.22
23 125809826025.0778 0.23
24 123241641008.8402 0.24
25 120823622633.7301 0.25
26 118540420226.0594 0.26
27 116378687701.8054 0.27
28 114326736894.2431 0.28
29 112374556101.22 0.29
30 110513443595.7379 0.3
31 108735709919.5898 0.31
32 107034648334.5756 0.32
33 105404308367.5111 0.33
34 103839456324.1947 0.34
35 102335271350.3928 0.35
36 100887526902.9816 0.36
37 99492441774.89391 0.37
38 98146572154.88382 0.38
39 96846848663.8454 0.39
40 95590419385.46613 0.4
41 94374704976.83604 0.41
42 93197388736.81767 0.42
43 92056323537.33888 0.43
44 90949423214.41374 0.44
45 89874894193.55719 0.45
46 88831075825.4117 0.46
47 87816345210.52466 0.47
48 86829240850.4632 0.48
49 85868418524.36584 0.49
50 84932688234.58789 0.5
51 84020804833.20088 0.51
52 83131692792.18762 0.52
53 82264335568.69038 0.53
54 81417767007.14616 0.54
55 80591095956.95052 0.55
56 79783458611.58321 0.5600000000000001
57 79009403917.34116 0.5700000000000001
58 78247718929.59937 0.58
59 77501785717.70065 0.59
60 76771233919.52995 0.6
61 76055673681.25035 0.61
62 75354648925.23624 0.62
63 74667639508.78276 0.63
64 73994141817.97044 0.64
65 73333712407.69827 0.65
66 72702342114.754 0.66
67 72077954312.73064 0.67
68 71464330531.64911 0.68
69 70861425473.41614 0.6900000000000001
70 70269041790.26743 0.7000000000000001
71 69706033754.6187 0.71
72 69147185641.45081 0.72
73 68596906430.77016 0.73
74 68055283909.18114 0.74
75 67522254479.93063 0.75
76 66997641621.50423 0.76
77 66481288055.02369 0.77
78 65973018239.40529 0.78
79 65472604385.05572 0.79
80 64979819135.27051 0.8
81 64494472428.23422 0.8100000000000001
82 64016456814.33274 0.8200000000000001
83 63545513425.16019 0.8300000000000001
84 63081490163.08018 0.84
85 62624236615.16621 0.85
86 62173569633.09145 0.86
87 61729325339.25737 0.87
88 61291323123.97399 0.88
89 60859416391.04324 0.89
90 60433487010.85172 0.9
91 60013398081.33596 0.91
92 59599008092.1933 0.92
93 59190196112.5378 0.93
94 58786855770.35808 0.9400000000000001
95 58388831221.60316 0.9500000000000001
96 57995969763.02 0.96
97 57608168870.86421 0.97
98 57225406125.96195 0.98
99 56847487315.91824 0.99
100 56474333788.30904 1
101 56105869215.05709 1.01
102 55741979144.56787 1.02
103 55382562503.99715 1.03
104 55027501828.84578 1.04
105 54676739662.19723 1.05
106 54330190094.04682 1.06
107 53987761044.14378 1.07
108 53649384832.045 1.08
109 53314982740.91383 1.09
110 52984488816.98606 1.1
111 52657796513.05045 1.11
112 52334814822.49559 1.12
113 52015483911.82155 1.13
114 51699823371.28709 1.14
115 51387677436.55359 1.15
116 51078998989.14069 1.16
117 50773757707.95391 1.17
118 50471865083.65447 1.18
119 50185899371.87177 1.19
120 49899720025.37746 1.2
121 49616203012.86981 1.21
122 49335414076.41995 1.22
123 49057370765.25075 1.23
124 48782094969.54323 1.24
125 48509565280.79105 1.25
126 48239769828.02708 1.26
127 47972644875.00608 1.27
128 47708143185.31841 1.28
129 47446231953.32336 1.29
130 47186962105.14478 1.3
131 46930206708.6778 1.31
132 46675941512.59572 1.32
133 46424159268.40758 1.33
134 46174796563.83719 1.34
135 45927813821.83752 1.35
136 45683147269.61639 1.36
137 45440831018.24565 1.37
138 45200794521.68112 1.38
139 44962992789.52657 1.39
140 44727419347.74512 1.4
141 44494030018.1618 1.41
